info it worked if it ends with ok
verbose cli [ 'node', '/usr/bin/npm', 'test' ]
info using npm@1.1.12
info using node@v0.8.2
verbose /usr/bin/node node symlink
verbose config file /home/grant/.npmrc
verbose config file /usr/etc/npmrc
verbose config file /usr/lib/node_modules/npm/npmrc
verbose caching /media/DATA/NODEJS/crudo/package.json
verbose loadDefaults crudo@1.0.0
verbose run-script [ 'pretest', 'test', 'posttest' ]
info pretest crudo@1.0.0
info test crudo@1.0.0
verbose unsafe-perm in lifecycle true
silly exec sh "-c" "mocha test/*.js"
silly spawning [ 'sh', [ '-c', 'mocha test/*.js' ], '/media/DATA/NODEJS/crudo' ]
info crudo@1.0.0 Failed to exec test script
ERR! crudo@1.0.0 test: `mocha test/*.js`
ERR! `sh "-c" "mocha test/*.js"` failed with 1
ERR! 
ERR! Failed at the crudo@1.0.0 test script.
ERR! This is most likely a problem with the crudo package,
ERR! not with npm itself.
ERR! Tell the author that this fails on your system:
ERR!     mocha test/*.js
ERR! You can get their info via:
ERR!     npm owner ls crudo
ERR! There is likely additional logging output above.
ERR! 
ERR! System Linux 2.6.38-8-generic
ERR! command "node" "/usr/bin/npm" "test"
ERR! cwd /media/DATA/NODEJS/crudo
ERR! node -v v0.8.2
ERR! npm -v 1.1.12
ERR! code ELIFECYCLE
ERR! message crudo@1.0.0 test: `mocha test/*.js`
ERR! message `sh "-c" "mocha test/*.js"` failed with 1
ERR! errno {}
verbose exit [ 1, true ]
